<?xml version="1.0" encoding="UTF-8"?>
<testsuite xmlns:xsi="http://www.w3.org/2001/XMLSchema-instance" xsi:noNamespaceSchemaLocation="https://maven.apache.org/surefire/maven-surefire-plugin/xsd/surefire-test-report-3.0.xsd" version="3.0" name="test.java.AccountTest" time="0.201" tests="24" errors="0" skipped="0" failures="0">
  <properties>
[...]
</properties>
  <testcase name="testZeroWithdrawal" classname="test.java.AccountTest" time="0.06"/>
  <testcase name="testUpdateInterestRate" classname="test.java.AccountTest" time="0.003"/>
  <testcase name="testCreateCheckingAccount" classname="test.java.AccountTest" time="0.002"/>
  <testcase name="testCheckingAccountProperties" classname="test.java.AccountTest" time="0.002"/>
  <testcase name="testToString" classname="test.java.AccountTest" time="0.013"/>
  <testcase name="testWithdrawSavings" classname="test.java.AccountTest" time="0.006"/>
  <testcase name="testBalance" classname="test.java.AccountTest" time="0.001"/>
  <testcase name="testWithdrawChecking" classname="test.java.AccountTest" time="0.002"/>
  <testcase name="testSavingsCreationMessage" classname="test.java.AccountTest" time="0.012"/>
  <testcase name="testZeroDeposit" classname="test.java.AccountTest" time="0.002"/>
  <testcase name="testAccountCounter" classname="test.java.AccountTest" time="0.002"/>
  <testcase name="testUpdateOverdraftLimit" classname="test.java.AccountTest" time="0.002"/>
  <testcase name="testCheckingCreationMessage" classname="test.java.AccountTest" time="0.003"/>
  <testcase name="testAccountNumber" classname="test.java.AccountTest" time="0.001"/>
  <testcase name="testCreateSavingsAccount" classname="test.java.AccountTest" time="0.002"/>
  <testcase name="testAccountDetails" classname="test.java.AccountTest" time="0.013"/>
  <testcase name="testNegativeWithdrawal" classname="test.java.AccountTest" time="0.002"/>
  <testcase name="testNegativeDeposit" classname="test.java.AccountTest" time="0.002"/>
  <testcase name="testCustomer" classname="test.java.AccountTest" time="0.001"/>
  <testcase name="testStatus" classname="test.java.AccountTest" time="0.002"/>
  <testcase name="testDepositSavings" classname="test.java.AccountTest" time="0.001"/>
  <testcase name="testAccountSummary" classname="test.java.AccountTest" time="0.002"/>
  <testcase name="testSavingsAccountProperties" classname="test.java.AccountTest" time="0.003"/>
  <testcase name="testDepositChecking" classname="test.java.AccountTest" time="0.001"/>
</testsuite>